mode: set
github.com/akhilsaivenkata/go-tax-calculator/cmd/server/main.go:15.13,25.22 6 0
github.com/akhilsaivenkata/go-tax-calculator/cmd/server/main.go:25.22,27.3 1 0
github.com/akhilsaivenkata/go-tax-calculator/cmd/server/main.go:29.2,37.16 6 0
github.com/akhilsaivenkata/go-tax-calculator/pkg/logger/logger.go:11.13,16.2 4 0
github.com/akhilsaivenkata/go-tax-calculator/pkg/middleware/request_logger.go:10.38,11.30 1 0
github.com/akhilsaivenkata/go-tax-calculator/pkg/middleware/request_logger.go:11.30,23.3 4 0
github.com/akhilsaivenkata/go-tax-calculator/internal/client/client.go:26.52,33.2 1 1
github.com/akhilsaivenkata/go-tax-calculator/internal/client/client.go:36.80,45.16 4 1
github.com/akhilsaivenkata/go-tax-calculator/internal/client/client.go:45.16,50.3 2 1
github.com/akhilsaivenkata/go-tax-calculator/internal/client/client.go:51.2,53.38 2 1
github.com/akhilsaivenkata/go-tax-calculator/internal/client/client.go:53.38,61.3 3 1
github.com/akhilsaivenkata/go-tax-calculator/internal/client/client.go:63.2,64.68 2 1
github.com/akhilsaivenkata/go-tax-calculator/internal/client/client.go:64.68,67.3 2 1
github.com/akhilsaivenkata/go-tax-calculator/internal/client/client.go:69.2,70.22 2 1
github.com/akhilsaivenkata/go-tax-calculator/pkg/logger/logger.go:11.13,16.2 4 1
github.com/akhilsaivenkata/go-tax-calculator/internal/service/service.go:12.34,14.2 1 1
github.com/akhilsaivenkata/go-tax-calculator/internal/service/service.go:17.107,23.35 4 1
github.com/akhilsaivenkata/go-tax-calculator/internal/service/service.go:23.35,25.23 2 1
github.com/akhilsaivenkata/go-tax-calculator/internal/service/service.go:25.23,28.4 1 1
github.com/akhilsaivenkata/go-tax-calculator/internal/service/service.go:28.9,30.4 1 1
github.com/akhilsaivenkata/go-tax-calculator/internal/service/service.go:33.3,33.27 1 1
github.com/akhilsaivenkata/go-tax-calculator/internal/service/service.go:33.27,53.4 5 1
github.com/akhilsaivenkata/go-tax-calculator/internal/service/service.go:57.2,58.16 2 1
github.com/akhilsaivenkata/go-tax-calculator/internal/service/service.go:58.16,60.3 1 1
github.com/akhilsaivenkata/go-tax-calculator/internal/service/service.go:62.2,71.3 2 1
github.com/akhilsaivenkata/go-tax-calculator/internal/service/service.go:75.32,76.11 1 1
github.com/akhilsaivenkata/go-tax-calculator/internal/service/service.go:76.11,78.3 1 1
github.com/akhilsaivenkata/go-tax-calculator/internal/service/service.go:79.2,79.10 1 1
github.com/akhilsaivenkata/go-tax-calculator/pkg/logger/logger.go:11.13,16.2 4 1
github.com/akhilsaivenkata/go-tax-calculator/internal/handler/handler.go:19.75,24.2 1 1
github.com/akhilsaivenkata/go-tax-calculator/internal/handler/handler.go:27.52,29.2 1 1
github.com/akhilsaivenkata/go-tax-calculator/internal/handler/handler.go:32.51,36.47 2 1
github.com/akhilsaivenkata/go-tax-calculator/internal/handler/handler.go:36.47,42.3 3 1
github.com/akhilsaivenkata/go-tax-calculator/internal/handler/handler.go:45.2,45.21 1 1
github.com/akhilsaivenkata/go-tax-calculator/internal/handler/handler.go:45.21,51.3 3 1
github.com/akhilsaivenkata/go-tax-calculator/internal/handler/handler.go:53.2,53.46 1 1
github.com/akhilsaivenkata/go-tax-calculator/internal/handler/handler.go:53.46,59.3 3 1
github.com/akhilsaivenkata/go-tax-calculator/internal/handler/handler.go:61.2,68.16 3 1
github.com/akhilsaivenkata/go-tax-calculator/internal/handler/handler.go:68.16,74.3 3 1
github.com/akhilsaivenkata/go-tax-calculator/internal/handler/handler.go:77.2,85.31 3 1
github.com/akhilsaivenkata/go-tax-calculator/pkg/logger/logger.go:11.13,16.2 4 1
